c:\users\user\source\repos\fundamentos-teoria-de-juegos201802\fundamentos\papuengine\debug\vc141.pdb
c:\users\user\source\repos\fundamentos-teoria-de-juegos201802\fundamentos\papuengine\debug\vc141.idb
c:\users\user\source\repos\fundamentos-teoria-de-juegos201802\fundamentos\papuengine\debug\playerbullet.obj
c:\users\user\source\repos\fundamentos-teoria-de-juegos201802\fundamentos\papuengine\debug\picopng.obj
c:\users\user\source\repos\fundamentos-teoria-de-juegos201802\fundamentos\papuengine\debug\papuengine.obj
c:\users\user\source\repos\fundamentos-teoria-de-juegos201802\fundamentos\papuengine\debug\menuscreen.obj
c:\users\user\source\repos\fundamentos-teoria-de-juegos201802\fundamentos\papuengine\debug\main.obj
c:\users\user\source\repos\fundamentos-teoria-de-juegos201802\fundamentos\papuengine\debug\iomanager.obj
c:\users\user\source\repos\fundamentos-teoria-de-juegos201802\fundamentos\papuengine\debug\inputmanager.obj
c:\users\user\source\repos\fundamentos-teoria-de-juegos201802\fundamentos\papuengine\debug\imageloader.obj
c:\users\user\source\repos\fundamentos-teoria-de-juegos201802\fundamentos\papuengine\debug\gls_program.obj
c:\users\user\source\repos\fundamentos-teoria-de-juegos201802\fundamentos\papuengine\debug\game.obj
c:\users\user\source\repos\fundamentos-teoria-de-juegos201802\fundamentos\papuengine\debug\error.obj
c:\users\user\source\repos\fundamentos-teoria-de-juegos201802\fundamentos\papuengine\debug\enemy.obj
c:\users\user\source\repos\fundamentos-teoria-de-juegos201802\fundamentos\papuengine\debug\endscreen.obj
c:\users\user\source\repos\fundamentos-teoria-de-juegos201802\fundamentos\papuengine\debug\constants.obj
c:\users\user\source\repos\fundamentos-teoria-de-juegos201802\fundamentos\papuengine\debug\camera2d.obj
c:\users\user\source\repos\fundamentos-teoria-de-juegos201802\fundamentos\papuengine\debug\button.obj
c:\users\user\source\repos\fundamentos-teoria-de-juegos201802\fundamentos\papuengine\debug\background.obj
c:\users\user\source\repos\fundamentos-teoria-de-juegos201802\fundamentos\papuengine\debug\app.obj
c:\users\user\source\repos\fundamentos-teoria-de-juegos201802\fundamentos\papuengine\debug\agent.obj
c:\users\user\source\repos\fundamentos-teoria-de-juegos201802\fundamentos\papuengine\debug\window.obj
c:\users\user\source\repos\fundamentos-teoria-de-juegos201802\fundamentos\papuengine\debug\timing.obj
c:\users\user\source\repos\fundamentos-teoria-de-juegos201802\fundamentos\papuengine\debug\texturecache.obj
c:\users\user\source\repos\fundamentos-teoria-de-juegos201802\fundamentos\papuengine\debug\spritefont.obj
c:\users\user\source\repos\fundamentos-teoria-de-juegos201802\fundamentos\papuengine\debug\spritebacth.obj
c:\users\user\source\repos\fundamentos-teoria-de-juegos201802\fundamentos\papuengine\debug\sprite.obj
c:\users\user\source\repos\fundamentos-teoria-de-juegos201802\fundamentos\papuengine\debug\spaceship.obj
c:\users\user\source\repos\fundamentos-teoria-de-juegos201802\fundamentos\papuengine\debug\screenlist.obj
c:\users\user\source\repos\fundamentos-teoria-de-juegos201802\fundamentos\papuengine\debug\resourcemanager.obj
c:\users\user\source\repos\fundamentos-teoria-de-juegos201802\fundamentos\papuengine\debug\playscreen.obj
c:\users\user\source\repos\fundamentos-teoria-de-juegos201802\fundamentos\papuengine\debug\player.obj
c:\users\user\source\repos\fundamentos-teoria-de-juegos201802\fundamentos\debug\papuengine.exe
c:\users\user\source\repos\fundamentos-teoria-de-juegos201802\fundamentos\debug\papuengine.ilk
c:\users\user\source\repos\fundamentos-teoria-de-juegos201802\fundamentos\debug\papuengine.pdb
c:\users\user\source\repos\fundamentos-teoria-de-juegos201802\fundamentos\papuengine\debug\papuengine.tlog\cl.command.1.tlog
c:\users\user\source\repos\fundamentos-teoria-de-juegos201802\fundamentos\papuengine\debug\papuengine.tlog\cl.read.1.tlog
c:\users\user\source\repos\fundamentos-teoria-de-juegos201802\fundamentos\papuengine\debug\papuengine.tlog\cl.write.1.tlog
c:\users\user\source\repos\fundamentos-teoria-de-juegos201802\fundamentos\papuengine\debug\papuengine.tlog\link.command.1.tlog
c:\users\user\source\repos\fundamentos-teoria-de-juegos201802\fundamentos\papuengine\debug\papuengine.tlog\link.read.1.tlog
c:\users\user\source\repos\fundamentos-teoria-de-juegos201802\fundamentos\papuengine\debug\papuengine.tlog\link.write.1.tlog
